Practica8/app/build/intermediates/manifest_merge_blame_file/debug/manifest-merger-blame-debug-report.txt
1<?xml version="1.0" encoding="utf-8"?>
2<manifest xmlns:android="http://schemas.android.com/apk/res/android"
3    package="com.example.practica8"
4    android:versionCode="1"
5    android:versionName="1.0" >
6
7    <uses-sdk
8        android:minSdkVersion="23"
8-->src\main\AndroidManifest.xml
9        android:targetSdkVersion="31" />
9-->src\main\AndroidManifest.xml
10
11    <application
11-->src\main\AndroidManifest.xml:5:5-37:19
12        android:allowBackup="true"
12-->src\main\AndroidManifest.xml:6:9-35
13        android:appComponentFactory="androidx.core.app.CoreComponentFactory"
13-->[androidx.core:core:1.5.0] AndroidManifest.xml:24:18-86
14        android:debuggable="true"
15        android:extractNativeLibs="false"
16        android:icon="@mipmap/ic_launcher"
16-->src\main\AndroidManifest.xml:7:9-43
17        android:label="@string/app_name"
17-->src\main\AndroidManifest.xml:8:9-41
18        android:roundIcon="@mipmap/ic_launcher_round"
18-->src\main\AndroidManifest.xml:9:9-54
19        android:supportsRtl="true"
19-->src\main\AndroidManifest.xml:10:9-35
20        android:testOnly="true"
21        android:theme="@style/Theme.Practica8" >
21-->src\main\AndroidManifest.xml:11:9-47
22        <activity
22-->src\main\AndroidManifest.xml:12:9-20:20
23            android:name="com.example.practica8.MainActivity"
23-->src\main\AndroidManifest.xml:13:13-41
24            android:exported="true" >
24-->src\main\AndroidManifest.xml:14:13-36
25            <intent-filter>
25-->src\main\AndroidManifest.xml:15:13-19:29
26                <action android:name="android.intent.action.MAIN" />
26-->src\main\AndroidManifest.xml:16:17-69
26-->src\main\AndroidManifest.xml:16:25-66
27
28                <category android:name="android.intent.category.LAUNCHER" />
28-->src\main\AndroidManifest.xml:18:17-77
28-->src\main\AndroidManifest.xml:18:27-74
29            </intent-filter>
30        </activity>
31        <activity
31-->src\main\AndroidManifest.xml:21:9-24:20
32            android:name="com.example.practica8.ActividadAnnadir"
32-->src\main\AndroidManifest.xml:22:13-45
33            android:exported="true" >
33-->src\main\AndroidManifest.xml:23:13-36
34        </activity>
35        <activity
35-->src\main\AndroidManifest.xml:25:9-28:20
36            android:name="com.example.practica8.ActividadBorrar"
36-->src\main\AndroidManifest.xml:26:13-44
37            android:exported="true" >
37-->src\main\AndroidManifest.xml:27:13-36
38        </activity>
39        <activity
39-->src\main\AndroidManifest.xml:29:9-32:20
40            android:name="com.example.practica8.ActividadActualizar"
40-->src\main\AndroidManifest.xml:30:13-48
41            android:exported="true" >
41-->src\main\AndroidManifest.xml:31:13-36
42        </activity>
43        <activity
43-->src\main\AndroidManifest.xml:33:9-36:20
44            android:name="com.example.practica8.DiscoReciclador"
44-->src\main\AndroidManifest.xml:34:13-44
45            android:exported="true" >
45-->src\main\AndroidManifest.xml:35:13-36
46        </activity>
47    </application>
48
49</manifest>